{"/Users/berkeli/Git/CodeYourFuture/ldn8-final-project/.jest/fileMock.js": {"path":"/Users/berkeli/Git/CodeYourFuture/ldn8-final-project/.jest/fileMock.js","statementMap":{"0":{"start":{"line":1,"column":0},"end":{"line":1,"column":21}}},"fnMap":{},"branchMap":{},"s":{"0":1},"f":{},"b":{},"_coverageSchema":"1a1c01bbd47fc00a2c39e90264f33305004495a9","hash":"55dbe0c46b6bcd8d61c649d9398d1abfbf9c76e8"}
,"/Users/berkeli/Git/CodeYourFuture/ldn8-final-project/client/src/hooks/useAuth0Roles.js": {"path":"/Users/berkeli/Git/CodeYourFuture/ldn8-final-project/client/src/hooks/useAuth0Roles.js","statementMap":{"0":{"start":{"line":3,"column":22},"end":{"line":20,"column":1}},"1":{"start":{"line":4,"column":18},"end":{"line":4,"column":28}},"2":{"start":{"line":6,"column":2},"end":{"line":6,"column":66}},"3":{"start":{"line":8,"column":2},"end":{"line":9,"column":62}},"4":{"start":{"line":11,"column":2},"end":{"line":13,"column":72}},"5":{"start":{"line":15,"column":1},"end":{"line":19,"column":3}}},"fnMap":{"0":{"name":"(anonymous_0)","decl":{"start":{"line":3,"column":22},"end":{"line":3,"column":23}},"loc":{"start":{"line":3,"column":28},"end":{"line":20,"column":1}},"line":3}},"branchMap":{"0":{"loc":{"start":{"line":6,"column":2},"end":{"line":6,"column":66}},"type":"binary-expr","locations":[{"start":{"line":6,"column":2},"end":{"line":6,"column":6}},{"start":{"line":6,"column":10},"end":{"line":6,"column":66}}],"line":6},"1":{"loc":{"start":{"line":8,"column":2},"end":{"line":9,"column":62}},"type":"binary-expr","locations":[{"start":{"line":8,"column":2},"end":{"line":8,"column":14}},{"start":{"line":9,"column":3},"end":{"line":9,"column":7}},{"start":{"line":9,"column":11},"end":{"line":9,"column":61}}],"line":8},"2":{"loc":{"start":{"line":11,"column":2},"end":{"line":13,"column":72}},"type":"binary-expr","locations":[{"start":{"line":11,"column":2},"end":{"line":11,"column":14}},{"start":{"line":12,"column":2},"end":{"line":12,"column":9}},{"start":{"line":13,"column":3},"end":{"line":13,"column":7}},{"start":{"line":13,"column":11},"end":{"line":13,"column":71}}],"line":11}},"s":{"0":1,"1":4,"2":4,"3":4,"4":4,"5":4},"f":{"0":4},"b":{"0":[4,4],"1":[4,3,3],"2":[4,3,2,2]},"_coverageSchema":"1a1c01bbd47fc00a2c39e90264f33305004495a9","hash":"070f4f6f6fb626df3f3ac44fa44e860db1aed3e9"}
,"/Users/berkeli/Git/CodeYourFuture/ldn8-final-project/client/src/hooks/useFetch.js": {"path":"/Users/berkeli/Git/CodeYourFuture/ldn8-final-project/client/src/hooks/useFetch.js","statementMap":{"0":{"start":{"line":4,"column":17},"end":{"line":46,"column":1}},"1":{"start":{"line":5,"column":36},"end":{"line":5,"column":46}},"2":{"start":{"line":6,"column":25},"end":{"line":6,"column":39}},"3":{"start":{"line":7,"column":27},"end":{"line":7,"column":41}},"4":{"start":{"line":8,"column":35},"end":{"line":8,"column":49}},"5":{"start":{"line":9,"column":31},"end":{"line":9,"column":45}},"6":{"start":{"line":11,"column":23},"end":{"line":13,"column":2}},"7":{"start":{"line":12,"column":2},"end":{"line":12,"column":23}},"8":{"start":{"line":15,"column":1},"end":{"line":39,"column":58}},"9":{"start":{"line":16,"column":20},"end":{"line":37,"column":3}},"10":{"start":{"line":17,"column":3},"end":{"line":36,"column":4}},"11":{"start":{"line":18,"column":18},"end":{"line":18,"column":48}},"12":{"start":{"line":19,"column":29},"end":{"line":25,"column":5}},"13":{"start":{"line":26,"column":21},"end":{"line":29,"column":5}},"14":{"start":{"line":30,"column":17},"end":{"line":30,"column":38}},"15":{"start":{"line":31,"column":4},"end":{"line":31,"column":18}},"16":{"start":{"line":32,"column":4},"end":{"line":32,"column":24}},"17":{"start":{"line":34,"column":4},"end":{"line":34,"column":20}},"18":{"start":{"line":35,"column":4},"end":{"line":35,"column":24}},"19":{"start":{"line":38,"column":2},"end":{"line":38,"column":14}},"20":{"start":{"line":40,"column":1},"end":{"line":45,"column":3}}},"fnMap":{"0":{"name":"(anonymous_0)","decl":{"start":{"line":4,"column":17},"end":{"line":4,"column":18}},"loc":{"start":{"line":4,"column":40},"end":{"line":46,"column":1}},"line":4},"1":{"name":"(anonymous_1)","decl":{"start":{"line":11,"column":23},"end":{"line":11,"column":24}},"loc":{"start":{"line":11,"column":29},"end":{"line":13,"column":2}},"line":11},"2":{"name":"(anonymous_2)","decl":{"start":{"line":15,"column":11},"end":{"line":15,"column":12}},"loc":{"start":{"line":15,"column":17},"end":{"line":39,"column":2}},"line":15},"3":{"name":"(anonymous_3)","decl":{"start":{"line":16,"column":20},"end":{"line":16,"column":21}},"loc":{"start":{"line":16,"column":32},"end":{"line":37,"column":3}},"line":16}},"branchMap":{},"s":{"0":1,"1":2,"2":2,"3":2,"4":2,"5":2,"6":2,"7":0,"8":2,"9":1,"10":1,"11":1,"12":1,"13":1,"14":1,"15":1,"16":1,"17":0,"18":0,"19":1,"20":2},"f":{"0":2,"1":0,"2":1,"3":1},"b":{},"_coverageSchema":"1a1c01bbd47fc00a2c39e90264f33305004495a9","hash":"65fc0ef07cc052e76957e3972cedb4cfcb164e14"}
,"/Users/berkeli/Git/CodeYourFuture/ldn8-final-project/client/src/pages/LoginPage.js": {"path":"/Users/berkeli/Git/CodeYourFuture/ldn8-final-project/client/src/pages/LoginPage.js","statementMap":{"0":{"start":{"line":12,"column":18},"end":{"line":37,"column":1}},"1":{"start":{"line":13,"column":31},"end":{"line":13,"column":41}},"2":{"start":{"line":14,"column":21},"end":{"line":14,"column":62}},"3":{"start":{"line":15,"column":1},"end":{"line":36,"column":3}},"4":{"start":{"line":28,"column":20},"end":{"line":28,"column":39}}},"fnMap":{"0":{"name":"(anonymous_0)","decl":{"start":{"line":12,"column":18},"end":{"line":12,"column":19}},"loc":{"start":{"line":12,"column":24},"end":{"line":37,"column":1}},"line":12},"1":{"name":"(anonymous_1)","decl":{"start":{"line":28,"column":14},"end":{"line":28,"column":15}},"loc":{"start":{"line":28,"column":20},"end":{"line":28,"column":39}},"line":28}},"branchMap":{},"s":{"0":1,"1":2,"2":2,"3":2,"4":1},"f":{"0":2,"1":1},"b":{},"_coverageSchema":"1a1c01bbd47fc00a2c39e90264f33305004495a9","hash":"9015d17ce1974b383df8aad0522f9db7345a7cc4"}
}
