TN:
SF:.jest/fileMock.js
FNF:0
FNH:0
DA:1,1
LF:1
LH:1
BRF:0
BRH:0
end_of_record
TN:
SF:client/src/hooks/useAuth0Roles.js
FN:3,(anonymous_0)
FNF:1
FNH:1
FNDA:4,(anonymous_0)
DA:3,1
DA:4,4
DA:6,4
DA:8,4
DA:11,4
DA:15,4
LF:6
LH:6
BRDA:6,0,0,4
BRDA:6,0,1,4
BRDA:8,1,0,4
BRDA:8,1,1,3
BRDA:8,1,2,3
BRDA:11,2,0,4
BRDA:11,2,1,3
BRDA:11,2,2,2
BRDA:11,2,3,2
BRF:9
BRH:9
end_of_record
TN:
SF:client/src/hooks/useFetch.js
FN:4,(anonymous_0)
FN:11,(anonymous_1)
FN:15,(anonymous_2)
FN:16,(anonymous_3)
FNF:4
FNH:3
FNDA:2,(anonymous_0)
FNDA:0,(anonymous_1)
FNDA:1,(anonymous_2)
FNDA:1,(anonymous_3)
DA:4,1
DA:5,2
DA:6,2
DA:7,2
DA:8,2
DA:9,2
DA:11,2
DA:12,0
DA:15,2
DA:16,1
DA:17,1
DA:18,1
DA:19,1
DA:26,1
DA:30,1
DA:31,1
DA:32,1
DA:34,0
DA:35,0
DA:38,1
DA:40,2
LF:21
LH:18
BRF:0
BRH:0
end_of_record
TN:
SF:client/src/pages/LoginPage.js
FN:12,(anonymous_0)
FN:28,(anonymous_1)
FNF:2
FNH:2
FNDA:2,(anonymous_0)
FNDA:1,(anonymous_1)
DA:12,1
DA:13,2
DA:14,2
DA:15,2
DA:28,1
LF:5
LH:5
BRF:0
BRH:0
end_of_record
